<?xml version="1.0" encoding="utf-8"?><testsuites name="pytest tests"><testsuite name="pytest" errors="0" failures="1" skipped="1" tests="26" time="20.066" timestamp="2026-06-08T17:32:33.910205+00:00" hostname="agent-env-28564087-225c-4c58-a441-a3545d13fcb8"><testcase classname="tests.test_backend_api.TestHealth" name="test_root" time="0.220" /><testcase classname="tests.test_backend_api.TestAuth" name="test_register_new_user" time="0.285"><failure message="AssertionError: assert 'test_user_2f...3@example.com' == 'TEST_user_2f...3@example.com'&#10;  &#10;  - TEST_user_2fb8b193@example.com&#10;  ? ^^^^&#10;  + test_user_2fb8b193@example.com&#10;  ? ^^^^">tests/test_backend_api.py:32: in test_register_new_user
    assert data["user"]["email"] == email
E   AssertionError: assert 'test_user_2f...3@example.com' == 'TEST_user_2f...3@example.com'
E     
E     - TEST_user_2fb8b193@example.com
E     ? ^^^^
E     + test_user_2fb8b193@example.com
E     ? ^^^^</failure></testcase><testcase classname="tests.test_backend_api.TestAuth" name="test_register_duplicate_email_rejected" time="0.000"><skipped type="pytest.skip" message="requires test_register_new_user">/app/backend/tests/test_backend_api.py:40: requires test_register_new_user</skipped></testcase><testcase classname="tests.test_backend_api.TestAuth" name="test_login_demo" time="0.275" /><testcase classname="tests.test_backend_api.TestAuth" name="test_login_wrong_password" time="0.269" /><testcase classname="tests.test_backend_api.TestAuth" name="test_me_with_token" time="0.329" /><testcase classname="tests.test_backend_api.TestAuth" name="test_protected_endpoint_without_token" time="0.048" /><testcase classname="tests.test_backend_api.TestAuth" name="test_dashboard_without_token" time="0.046" /><testcase classname="tests.test_backend_api.TestLoans" name="test_emi_calc" time="0.056" /><testcase classname="tests.test_backend_api.TestLoans" name="test_emi_zero_principal" time="0.049" /><testcase classname="tests.test_backend_api.TestLoans" name="test_create_list_loan" time="0.181" /><testcase classname="tests.test_backend_api.TestInvestments" name="test_sip_calc" time="0.052" /><testcase classname="tests.test_backend_api.TestInvestments" name="test_create_list_delete_investment" time="0.145" /><testcase classname="tests.test_backend_api.TestTax" name="test_tax_basic" time="0.048" /><testcase classname="tests.test_backend_api.TestTax" name="test_tax_87a_new_regime_below_12L" time="0.047" /><testcase classname="tests.test_backend_api.TestTax" name="test_tax_old_regime_cess" time="0.052" /><testcase classname="tests.test_backend_api.TestExpenses" name="test_expense_with_explicit_category" time="0.110" /><testcase classname="tests.test_backend_api.TestExpenses" name="test_expense_ai_categorization" time="4.337" /><testcase classname="tests.test_backend_api.TestExpenses" name="test_list_and_summary" time="0.104" /><testcase classname="tests.test_backend_api.TestHospital" name="test_create_revenue_and_cashflow_math" time="0.098" /><testcase classname="tests.test_backend_api.TestHospital" name="test_leakage_alerts" time="0.054" /><testcase classname="tests.test_backend_api.TestProductivity" name="test_create_productivity_auto_compute" time="0.105" /><testcase classname="tests.test_backend_api.TestProductivity" name="test_productivity_stats" time="0.048" /><testcase classname="tests.test_backend_api.TestDashboard" name="test_dashboard_aggregates" time="0.068" /><testcase classname="tests.test_backend_api.TestSeed" name="test_seed_demo" time="0.112" /><testcase classname="tests.test_backend_api.TestAIInsights" name="test_insights_returns_reply" time="12.846" /></testsuite></testsuites>